Using pre-set license
Built from '2020.3/staging' branch; Version is '2020.3.21f1 (a38c86f6690f) revision 10718342'; Using compiler version '192528614'; Build Type 'Release'
OS: 'Windows 10 Home; OS build 19043.1288; Version 2009; 64bit' Language: 'en' Physical Memory: 16328 MB
BatchMode: 1, IsHumanControllingUs: 0, StartBugReporterOnCrash: 0, Is64bit: 1, IsPro: 0

COMMAND LINE ARGUMENTS:
E:\Program Files\2020.3.21f1\Editor\Unity.exe
-adb2
-batchMode
-noUpm
-name
AssetImportWorker0
-projectPath
C:/Users/Marcin/Documents/05_Save_System/Save_System
-logFile
Logs/AssetImportWorker0.log
-srvPort
24443
Successfully changed project path to: C:/Users/Marcin/Documents/05_Save_System/Save_System
C:/Users/Marcin/Documents/05_Save_System/Save_System
Using Asset Import Pipeline V2.
Refreshing native plugins compatible for Editor in 74.89 ms, found 3 plugins.
Preloading 0 native plugins for Editor in 0.00 ms.
Initialize engine version: 2020.3.21f1 (a38c86f6690f)
[Subsystems] Discovering subsystems at path E:/Program Files/2020.3.21f1/Editor/Data/Resources/UnitySubsystems
[Subsystems] Discovering subsystems at path C:/Users/Marcin/Documents/05_Save_System/Save_System/Assets
GfxDevice: creating device client; threaded=0
Direct3D:
    Version:  Direct3D 11.0 [level 11.1]
    Renderer: Radeon (TM) RX 480 Graphics (ID=0x67df)
    Vendor:   
    VRAM:     8171 MB
    Driver:   27.20.22021.1002
Initialize mono
Mono path[0] = 'E:/Program Files/2020.3.21f1/Editor/Data/Managed'
Mono path[1] = 'E:/Program Files/2020.3.21f1/Editor/Data/MonoBleedingEdge/lib/mono/unityjit'
Mono config path = 'E:/Program Files/2020.3.21f1/Editor/Data/MonoBleedingEdge/etc'
Using monoOptions --debugger-agent=transport=dt_socket,embedding=1,server=y,suspend=n,address=127.0.0.1:56076
Begin MonoManager ReloadAssembly
Registering precompiled unity dll's ...
Register platform support module: E:/Program Files/2020.3.21f1/Editor/Data/PlaybackEngines/WindowsStandaloneSupport/UnityEditor.WindowsStandalone.Extensions.dll
Registered in 0.001885 seconds.
Native extension for WindowsStandalone target not found
Refreshing native plugins compatible for Editor in 69.23 ms, found 3 plugins.
Preloading 0 native plugins for Editor in 0.00 ms.
Mono: successfully reloaded assembly
- Completed reload, in  2.879 seconds
Domain Reload Profiling:
	ReloadAssembly (2879ms)
		BeginReloadAssembly (83ms)
			ExecutionOrderSort (0ms)
			DisableScriptedObjects (0ms)
			BackupInstance (0ms)
			ReleaseScriptingObjects (0ms)
			CreateAndSetChildDomain (1ms)
		EndReloadAssembly (645ms)
			LoadAssemblies (79ms)
			RebuildTransferFunctionScriptingTraits (0ms)
			SetupTypeCache (228ms)
			ReleaseScriptCaches (0ms)
			RebuildScriptCaches (40ms)
			SetupLoadedEditorAssemblies (253ms)
				LogAssemblyErrors (0ms)
				InitializePlatformSupportModulesInManaged (4ms)
				SetLoadedEditorAssemblies (0ms)
				RefreshPlugins (69ms)
				BeforeProcessingInitializeOnLoad (20ms)
				ProcessInitializeOnLoadAttributes (118ms)
				ProcessInitializeOnLoadMethodAttributes (42ms)
				AfterProcessingInitializeOnLoad (0ms)
				EditorAssembliesLoaded (0ms)
			ExecutionOrderSort2 (0ms)
			AwakeInstancesAfterBackupRestoration (0ms)
Platform modules already initialized, skipping
Registering precompiled user dll's ...
Registered in 0.007100 seconds.
Begin MonoManager ReloadAssembly
Native extension for WindowsStandalone target not found
Refreshing native plugins compatible for Editor in 80.24 ms, found 3 plugins.
Preloading 0 native plugins for Editor in 0.00 ms.
Mono: successfully reloaded assembly
- Completed reload, in  2.176 seconds
Domain Reload Profiling:
	ReloadAssembly (2180ms)
		BeginReloadAssembly (289ms)
			ExecutionOrderSort (0ms)
			DisableScriptedObjects (7ms)
			BackupInstance (0ms)
			ReleaseScriptingObjects (0ms)
			CreateAndSetChildDomain (25ms)
		EndReloadAssembly (1779ms)
			LoadAssemblies (161ms)
			RebuildTransferFunctionScriptingTraits (0ms)
			SetupTypeCache (559ms)
			ReleaseScriptCaches (1ms)
			RebuildScriptCaches (107ms)
			SetupLoadedEditorAssemblies (533ms)
				LogAssemblyErrors (0ms)
				InitializePlatformSupportModulesInManaged (6ms)
				SetLoadedEditorAssemblies (0ms)
				RefreshPlugins (80ms)
				BeforeProcessingInitializeOnLoad (143ms)
				ProcessInitializeOnLoadAttributes (274ms)
				ProcessInitializeOnLoadMethodAttributes (23ms)
				AfterProcessingInitializeOnLoad (6ms)
				EditorAssembliesLoaded (0ms)
			ExecutionOrderSort2 (0ms)
			AwakeInstancesAfterBackupRestoration (9ms)
Platform modules already initialized, skipping
========================================================================
Worker process is ready to serve import requests
Launched and connected shader compiler UnityShaderCompiler.exe after 0.11 seconds
Refreshing native plugins compatible for Editor in 0.56 ms, found 3 plugins.
Preloading 0 native plugins for Editor in 0.00 ms.
Unloading 2191 Unused Serialized files (Serialized files now loaded: 0)
System memory in use before: 95.9 MB.
System memory in use after: 95.9 MB.

Unloading 28 unused Assets to reduce memory usage. Loaded Objects now: 2626.
Total: 4.774300 ms (FindLiveObjects: 1.306700 ms CreateObjectMapping: 0.354800 ms MarkObjects: 3.035000 ms  DeleteObjects: 0.076700 ms)

AssetImportParameters requested are different than current active one (requested -> active):
  custom:framework-win-MediaFoundation: 216162199b28c13a410421893ffa2e32 -> 
  custom:video-decoder-ogg-theora: a1e56fd34408186e4bbccfd4996cb3dc -> 
  custom:container-muxer-webm: aa71ff27fc2769a1b78a27578f13a17b -> 
  custom:container-demuxer-webm: 4f35f7cbe854078d1ac9338744f61a02 -> 
  custom:container-demuxer-ogg: 62fdf1f143b41e24485cea50d1cbac27 -> 
  custom:video-encoder-webm-vp8: eb34c28f22e8b96e1ab97ce403110664 -> 
  custom:video-codec-MediaFoundation-h265: 746d11721c4dcdbdad8f713fa42b33f4 -> 
  custom:video-decoder-webm-vp8: 9c59270c3fd7afecdb556c50c9e8de78 -> 
  custom:audio-decoder-ogg-vorbis: bf7c407c2cedff20999df2af8eb42d56 -> 
  custom:audio-encoder-webm-vorbis: bf7c407c2cedff20999df2af8eb42d56 -> 
========================================================================
Received Import Request.
  path: Assets/New Material.mat
  artifactKey: Guid(238ec65d7fc7d924c9dd8ef471fa4f48) Importer(815301076,1909f56bfc062723c751e8b465ee728b)
Start importing Assets/New Material.mat using Guid(238ec65d7fc7d924c9dd8ef471fa4f48) Importer(815301076,1909f56bfc062723c751e8b465ee728b)  -> (artifact id: 'b0115f9166200f9619e09580d2a67f0a') in 0.704087 seconds 
  Import took 0.741302 seconds .

========================================================================
Received Import Request.
  Time since last request: 0.003120 seconds.
  path: Assets/EnemyController.cs
  artifactKey: Guid(e8b6aa54d9981684296780bd234b683b) Importer(815301076,1909f56bfc062723c751e8b465ee728b)
Start importing Assets/EnemyController.cs using Guid(e8b6aa54d9981684296780bd234b683b) Importer(815301076,1909f56bfc062723c751e8b465ee728b)  -> (artifact id: '39ae8c3aaebd3584830f418e91763a2e') in 0.018829 seconds 
  Import took 0.023721 seconds .

========================================================================
Received Import Request.
  Time since last request: 8.380293 seconds.
  path: Assets/Preview.png
  artifactKey: Guid(c1a29766b924efd499423a61b6eb87fc) Importer(815301076,1909f56bfc062723c751e8b465ee728b)
Start importing Assets/Preview.png using Guid(c1a29766b924efd499423a61b6eb87fc) Importer(815301076,1909f56bfc062723c751e8b465ee728b)  -> (artifact id: '1dea33f7884f92becacec8cab5e6742f') in 0.534202 seconds 
  Import took 0.541435 seconds .

========================================================================
Received Import Request.
  Time since last request: 0.000354 seconds.
  path: Assets/SampleA.png
  artifactKey: Guid(3d625d67ef3a5274892d5e9b7e9b80de) Importer(815301076,1909f56bfc062723c751e8b465ee728b)
Start importing Assets/SampleA.png using Guid(3d625d67ef3a5274892d5e9b7e9b80de) Importer(815301076,1909f56bfc062723c751e8b465ee728b)  -> (artifact id: '61200096e99725928252b195cbd8b5c5') in 0.374822 seconds 
  Import took 0.462814 seconds .

========================================================================
Received Import Request.
  Time since last request: 0.000055 seconds.
  path: Assets/SampleB.png
  artifactKey: Guid(43be49f9b5c7168428b6ef6885fab604) Importer(815301076,1909f56bfc062723c751e8b465ee728b)
Start importing Assets/SampleB.png using Guid(43be49f9b5c7168428b6ef6885fab604) Importer(815301076,1909f56bfc062723c751e8b465ee728b)  -> (artifact id: '9431cd67cd1745332714b610e072722c') in 0.082141 seconds 
  Import took 0.120896 seconds .

========================================================================
Received Import Request.
  Time since last request: 41.669596 seconds.
  path: Assets/Animations
  artifactKey: Guid(d313d79c1103c2c4c85b2b87abbe57b9) Importer(815301076,1909f56bfc062723c751e8b465ee728b)
Start importing Assets/Animations using Guid(d313d79c1103c2c4c85b2b87abbe57b9) Importer(815301076,1909f56bfc062723c751e8b465ee728b)  -> (artifact id: '54e2fd7300006db12d11187b29d99a40') in 0.014165 seconds 
  Import took 0.017742 seconds .

========================================================================
Received Import Request.
  Time since last request: 2.379262 seconds.
  path: Assets/Background
  artifactKey: Guid(221a5013e90653e46a92e154913eb8d8) Importer(815301076,1909f56bfc062723c751e8b465ee728b)
Start importing Assets/Background using Guid(221a5013e90653e46a92e154913eb8d8) Importer(815301076,1909f56bfc062723c751e8b465ee728b)  -> (artifact id: '53367c4b1180a3e810bfa78097a3bff3') in 0.014072 seconds 
  Import took 0.020353 seconds .

========================================================================
Received Import Request.
  Time since last request: 3.689199 seconds.
  path: Assets/Scripts
  artifactKey: Guid(326077ccf6791af45b9146e35eb7211d) Importer(815301076,1909f56bfc062723c751e8b465ee728b)
Start importing Assets/Scripts using Guid(326077ccf6791af45b9146e35eb7211d) Importer(815301076,1909f56bfc062723c751e8b465ee728b)  -> (artifact id: '1cad2d0d4825ebde26c7126035d5f874') in 0.016385 seconds 
  Import took 0.023332 seconds .

========================================================================
Received Import Request.
  Time since last request: 1.861317 seconds.
  path: Assets/Sprites
  artifactKey: Guid(f17b0e7a6860c0a4095edacaf07d6229) Importer(815301076,1909f56bfc062723c751e8b465ee728b)
Start importing Assets/Sprites using Guid(f17b0e7a6860c0a4095edacaf07d6229) Importer(815301076,1909f56bfc062723c751e8b465ee728b)  -> (artifact id: '5e1d64fa3bd26a1a3e944581f5546bf5') in 0.010248 seconds 
  Import took 0.015433 seconds .

========================================================================
Received Import Request.
  Time since last request: 9.404205 seconds.
  path: Assets/Sprites/kenny
  artifactKey: Guid(a691c5cf692f09f4e99637f79944aa1c) Importer(815301076,1909f56bfc062723c751e8b465ee728b)
Start importing Assets/Sprites/kenny using Guid(a691c5cf692f09f4e99637f79944aa1c) Importer(815301076,1909f56bfc062723c751e8b465ee728b)  -> (artifact id: '6ee68ac66d8ff09c2a62d5b3b04d1e77') in 0.027823 seconds 
  Import took 0.041715 seconds .

========================================================================
Received Import Request.
  Time since last request: 10.871250 seconds.
  path: Assets/Tiles
  artifactKey: Guid(d20248e0dc582a146ad3c2265bd6524e) Importer(815301076,1909f56bfc062723c751e8b465ee728b)
Start importing Assets/Tiles using Guid(d20248e0dc582a146ad3c2265bd6524e) Importer(815301076,1909f56bfc062723c751e8b465ee728b)  -> (artifact id: '0c6c93a2b66f0c986760b130130064c6') in 0.009015 seconds 
  Import took 0.013634 seconds .

========================================================================
Received Import Request.
  Time since last request: 4.254071 seconds.
  path: Assets/Tilemap
  artifactKey: Guid(e59bdf9fd50c66442bf18d1046d12490) Importer(815301076,1909f56bfc062723c751e8b465ee728b)
Start importing Assets/Tilemap using Guid(e59bdf9fd50c66442bf18d1046d12490) Importer(815301076,1909f56bfc062723c751e8b465ee728b)  -> (artifact id: '284834f7d42d2367b62fc8166b80fe0c') in 0.013953 seconds 
  Import took 0.025539 seconds .

========================================================================
Received Import Request.
  Time since last request: 6.938332 seconds.
  path: Assets/Free Platform Game Assets
  artifactKey: Guid(634f4eaef021e7d498e76aa7e81a6b91) Importer(815301076,1909f56bfc062723c751e8b465ee728b)
Start importing Assets/Free Platform Game Assets using Guid(634f4eaef021e7d498e76aa7e81a6b91) Importer(815301076,1909f56bfc062723c751e8b465ee728b)  -> (artifact id: '4c56e13c630a00f156c91fb3973a7b0a') in 0.018902 seconds 
  Import took 0.022909 seconds .

========================================================================
Received Import Request.
  Time since last request: 2.251791 seconds.
  path: Assets/Free Platform Game Assets/Backgrounds
  artifactKey: Guid(4032d8f8d13c5954f956f116443aacff) Importer(815301076,1909f56bfc062723c751e8b465ee728b)
Start importing Assets/Free Platform Game Assets/Backgrounds using Guid(4032d8f8d13c5954f956f116443aacff) Importer(815301076,1909f56bfc062723c751e8b465ee728b)  -> (artifact id: 'ba74855f66ec91ad185e20ac2aa147e3') in 0.012660 seconds 
  Import took 0.018793 seconds .

========================================================================
Received Import Request.
  Time since last request: 5.990702 seconds.
  path: Assets/Construct 3
  artifactKey: Guid(a3d012a679d80c148b1b9be057a301ee) Importer(815301076,1909f56bfc062723c751e8b465ee728b)
Start importing Assets/Construct 3 using Guid(a3d012a679d80c148b1b9be057a301ee) Importer(815301076,1909f56bfc062723c751e8b465ee728b)  -> (artifact id: 'fd5b2115e9d6d8c97d1dff9f1668c494') in 0.015748 seconds 
  Import took 0.026886 seconds .

========================================================================
Received Import Request.
  Time since last request: 8.569038 seconds.
  path: Assets/Characters
  artifactKey: Guid(2db2f3914b153174da8a89a998d16e6c) Importer(815301076,1909f56bfc062723c751e8b465ee728b)
Start importing Assets/Characters using Guid(2db2f3914b153174da8a89a998d16e6c) Importer(815301076,1909f56bfc062723c751e8b465ee728b)  -> (artifact id: '9532fd5bf0a5c66d20d8cff454e6fef6') in 0.017572 seconds 
  Import took 0.029176 seconds .

========================================================================
Received Import Request.
  Time since last request: 910.773738 seconds.
  path: Assets/Sprites/kenny/Characters/character_0001.png
  artifactKey: Guid(a13549cac60e7e24583a715f1dc7ae0f) Importer(815301076,1909f56bfc062723c751e8b465ee728b)
Start importing Assets/Sprites/kenny/Characters/character_0001.png using Guid(a13549cac60e7e24583a715f1dc7ae0f) Importer(815301076,1909f56bfc062723c751e8b465ee728b)  -> (artifact id: '9c4fd79e4e34f6e535423515b9e0bcd1') in 0.046216 seconds 
  Import took 0.267179 seconds .

========================================================================
Received Import Request.
  Time since last request: 0.208101 seconds.
  path: Assets/Sprites/kenny/Characters/character_0000.png
  artifactKey: Guid(9a15ef34429581048af2115dad03458c) Importer(815301076,1909f56bfc062723c751e8b465ee728b)
Start importing Assets/Sprites/kenny/Characters/character_0000.png using Guid(9a15ef34429581048af2115dad03458c) Importer(815301076,1909f56bfc062723c751e8b465ee728b)  -> (artifact id: 'e81b6da6954cad5f54f4d94e337e8a2f') in 0.031559 seconds 
  Import took 0.036261 seconds .

========================================================================
Received Import Request.
  Time since last request: 65.168547 seconds.
  path: Assets/Animations/Player.controller
  artifactKey: Guid(9514bb0e759cfb84388f01191e59f2af) Importer(815301076,1909f56bfc062723c751e8b465ee728b)
Start importing Assets/Animations/Player.controller using Guid(9514bb0e759cfb84388f01191e59f2af) Importer(815301076,1909f56bfc062723c751e8b465ee728b)  -> (artifact id: '4408add8e3fb8a3790bf5f394b6d840d') in 0.312050 seconds 
  Import took 0.699800 seconds .

========================================================================
Received Import Request.
  Time since last request: 77.307955 seconds.
  path: Assets/Sprites/kenny/Characters/character_0008.png
  artifactKey: Guid(66eab8ddca537aa4db1496090bbf982c) Importer(815301076,1909f56bfc062723c751e8b465ee728b)
Start importing Assets/Sprites/kenny/Characters/character_0008.png using Guid(66eab8ddca537aa4db1496090bbf982c) Importer(815301076,1909f56bfc062723c751e8b465ee728b)  -> (artifact id: 'b2168bcb79cf59e700de4945fcfa5b73') in 0.055343 seconds 
  Import took 0.061327 seconds .

========================================================================
Received Import Request.
  Time since last request: 0.366884 seconds.
  path: Assets/Sprites/kenny/Characters/character_0010.png
  artifactKey: Guid(6d736b71d7bf1204e8037c2a37e031cc) Importer(815301076,1909f56bfc062723c751e8b465ee728b)
Start importing Assets/Sprites/kenny/Characters/character_0010.png using Guid(6d736b71d7bf1204e8037c2a37e031cc) Importer(815301076,1909f56bfc062723c751e8b465ee728b)  -> (artifact id: 'c4210c068160c731745c44ce115914a4') in 0.033881 seconds 
  Import took 0.037430 seconds .

========================================================================
Received Import Request.
  Time since last request: 0.335940 seconds.
  path: Assets/Sprites/kenny/Characters/character_0013.png
  artifactKey: Guid(d490feff588a45d44848f7e11dbea638) Importer(815301076,1909f56bfc062723c751e8b465ee728b)
Start importing Assets/Sprites/kenny/Characters/character_0013.png using Guid(d490feff588a45d44848f7e11dbea638) Importer(815301076,1909f56bfc062723c751e8b465ee728b)  -> (artifact id: '81ade4ed6c4bca061dcf1e68680c04a3') in 0.029664 seconds 
  Import took 0.036506 seconds .

========================================================================
Received Import Request.
  Time since last request: 1.444106 seconds.
  path: Assets/Sprites/kenny/Characters/character_0021.png
  artifactKey: Guid(71a212e00f1323143a9e439927abe4d9) Importer(815301076,1909f56bfc062723c751e8b465ee728b)
Start importing Assets/Sprites/kenny/Characters/character_0021.png using Guid(71a212e00f1323143a9e439927abe4d9) Importer(815301076,1909f56bfc062723c751e8b465ee728b)  -> (artifact id: 'e5e251066145a1fc2c0629c32f51d81f') in 0.024591 seconds 
  Import took 0.029106 seconds .

========================================================================
Received Import Request.
  Time since last request: 0.067540 seconds.
  path: Assets/Sprites/kenny/Characters/character_0023.png
  artifactKey: Guid(4951314ef25db7c4e9856b8d306a25fe) Importer(815301076,1909f56bfc062723c751e8b465ee728b)
Start importing Assets/Sprites/kenny/Characters/character_0023.png using Guid(4951314ef25db7c4e9856b8d306a25fe) Importer(815301076,1909f56bfc062723c751e8b465ee728b)  -> (artifact id: '665d3ce9e0ba958fcdd1efb333aeb106') in 0.033694 seconds 
  Import took 0.037298 seconds .

========================================================================
Received Import Request.
  Time since last request: 0.366388 seconds.
  path: Assets/Sprites/kenny/Characters/character_0025.png
  artifactKey: Guid(5336d7e2744be8a4e84df819c0913bc4) Importer(815301076,1909f56bfc062723c751e8b465ee728b)
Start importing Assets/Sprites/kenny/Characters/character_0025.png using Guid(5336d7e2744be8a4e84df819c0913bc4) Importer(815301076,1909f56bfc062723c751e8b465ee728b)  -> (artifact id: '55ca786284ee82e4f12ee9d76e38f255') in 0.029807 seconds 
  Import took 0.033402 seconds .

========================================================================
Received Import Request.
  Time since last request: 1.687825 seconds.
  path: Assets/Sprites/kenny/Characters/character_0009.png
  artifactKey: Guid(b4eea45d92fa05b4d95b505f41144d2d) Importer(815301076,1909f56bfc062723c751e8b465ee728b)
Start importing Assets/Sprites/kenny/Characters/character_0009.png using Guid(b4eea45d92fa05b4d95b505f41144d2d) Importer(815301076,1909f56bfc062723c751e8b465ee728b)  -> (artifact id: '85646aa1722ae225787c6d22d130aa3b') in 0.042394 seconds 
  Import took 0.048884 seconds .

========================================================================
Received Import Request.
  Time since last request: 2.578192 seconds.
  path: Assets/Sprites/kenny/Characters/character_0019.png
  artifactKey: Guid(b226e2acc5412ae4ab74888821a89a18) Importer(815301076,1909f56bfc062723c751e8b465ee728b)
Start importing Assets/Sprites/kenny/Characters/character_0019.png using Guid(b226e2acc5412ae4ab74888821a89a18) Importer(815301076,1909f56bfc062723c751e8b465ee728b)  -> (artifact id: '1b67168d4bf469c50ccaf24c5f922b17') in 0.028531 seconds 
  Import took 0.034161 seconds .

========================================================================
Received Import Request.
  Time since last request: 3.541111 seconds.
  path: Assets/Sprites/kenny/Characters/character_0019.png
  artifactKey: Guid(b226e2acc5412ae4ab74888821a89a18) Importer(815301076,1909f56bfc062723c751e8b465ee728b)
Start importing Assets/Sprites/kenny/Characters/character_0019.png using Guid(b226e2acc5412ae4ab74888821a89a18) Importer(815301076,1909f56bfc062723c751e8b465ee728b)  -> (artifact id: '24edd8eeff3d433f8af4a697e24d4da2') in 0.033579 seconds 
  Import took 0.049030 seconds .

========================================================================
Received Import Request.
  Time since last request: 5.068419 seconds.
  path: Assets/Sprites/kenny/Characters/character_0007.png
  artifactKey: Guid(79454116a8bdd194ba82291a5df6fe38) Importer(815301076,1909f56bfc062723c751e8b465ee728b)
Start importing Assets/Sprites/kenny/Characters/character_0007.png using Guid(79454116a8bdd194ba82291a5df6fe38) Importer(815301076,1909f56bfc062723c751e8b465ee728b)  -> (artifact id: '34eb80c3b8e360ac8105204defd33a93') in 0.294971 seconds 
  Import took 0.304896 seconds .

========================================================================
Received Import Request.
  Time since last request: 10.897537 seconds.
  path: Assets/Animations/Run.anim
  artifactKey: Guid(32004401ef0d2274aa2e9d1d29e005ed) Importer(815301076,1909f56bfc062723c751e8b465ee728b)
Start importing Assets/Animations/Run.anim using Guid(32004401ef0d2274aa2e9d1d29e005ed) Importer(815301076,1909f56bfc062723c751e8b465ee728b)  -> (artifact id: '57a01d5fc18d7a2110cb5e0637a710d0') in 0.014157 seconds 
  Import took 0.020334 seconds .

========================================================================
Received Import Request.
  Time since last request: 24.616501 seconds.
  path: Assets/Sprites/kenny/Characters/character_0000.png
  artifactKey: Guid(9a15ef34429581048af2115dad03458c) Importer(815301076,1909f56bfc062723c751e8b465ee728b)
Start importing Assets/Sprites/kenny/Characters/character_0000.png using Guid(9a15ef34429581048af2115dad03458c) Importer(815301076,1909f56bfc062723c751e8b465ee728b)  -> (artifact id: '3d7ee9e64af226d2e53c76b99a4fe39b') in 0.358474 seconds 
  Import took 0.366267 seconds .

========================================================================
Received Import Request.
  Time since last request: 0.000400 seconds.
  path: Assets/Sprites/kenny/Characters/character_0001.png
  artifactKey: Guid(a13549cac60e7e24583a715f1dc7ae0f) Importer(815301076,1909f56bfc062723c751e8b465ee728b)
Start importing Assets/Sprites/kenny/Characters/character_0001.png using Guid(a13549cac60e7e24583a715f1dc7ae0f) Importer(815301076,1909f56bfc062723c751e8b465ee728b)  -> (artifact id: '34546c35265cff877516dcad53782710') in 0.031158 seconds 
  Import took 0.055427 seconds .

========================================================================
Received Import Request.
  Time since last request: 698.984835 seconds.
  path: Assets/Sprites/kenny/Background/tilemap.png
  artifactKey: Guid(eff2068b6bf743b458225c6c32621232) Importer(815301076,1909f56bfc062723c751e8b465ee728b)
Start importing Assets/Sprites/kenny/Background/tilemap.png using Guid(eff2068b6bf743b458225c6c32621232) Importer(815301076,1909f56bfc062723c751e8b465ee728b)  -> (artifact id: '3145c65deaea309ecc3185c0611aa234') in 0.255478 seconds 
  Import took 0.263727 seconds .

========================================================================
Received Import Request.
  Time since last request: 5.666702 seconds.
  path: Assets/Sprites/kenny/Tiles/tile_0000.png
  artifactKey: Guid(a5c673ee7163bf444a8356c2deace7bc) Importer(815301076,1909f56bfc062723c751e8b465ee728b)
Start importing Assets/Sprites/kenny/Tiles/tile_0000.png using Guid(a5c673ee7163bf444a8356c2deace7bc) Importer(815301076,1909f56bfc062723c751e8b465ee728b)  -> (artifact id: 'f03e48f560fdb5275dbe2623cdde6ceb') in 0.296752 seconds 
  Import took 0.301724 seconds .

========================================================================
Received Import Request.
  Time since last request: 11.124440 seconds.
  path: Assets/Sprites/kenny/Tiles/tile_0019.png
  artifactKey: Guid(661c4e37c6e103d43ac6eefd69003989) Importer(815301076,1909f56bfc062723c751e8b465ee728b)
Start importing Assets/Sprites/kenny/Tiles/tile_0019.png using Guid(661c4e37c6e103d43ac6eefd69003989) Importer(815301076,1909f56bfc062723c751e8b465ee728b)  -> (artifact id: '591921831c29f89f3c39b60ef9e79feb') in 0.444848 seconds 
  Import took 0.450813 seconds .

========================================================================
Received Import Request.
  Time since last request: 8.542184 seconds.
  path: Assets/Sprites/kenny/Tiles/tile_0019.png
  artifactKey: Guid(661c4e37c6e103d43ac6eefd69003989) Importer(815301076,1909f56bfc062723c751e8b465ee728b)
Start importing Assets/Sprites/kenny/Tiles/tile_0019.png using Guid(661c4e37c6e103d43ac6eefd69003989) Importer(815301076,1909f56bfc062723c751e8b465ee728b)  -> (artifact id: '9ffa4b2a270281ff55a462512f61c0a7') in 0.034672 seconds 
  Import took 0.041118 seconds .

========================================================================
Received Import Request.
  Time since last request: 9.334367 seconds.
  path: Assets/Sprites/kenny/Tiles/tile_0001.png
  artifactKey: Guid(b5c3bcffca6668441b75545ff050de0e) Importer(815301076,1909f56bfc062723c751e8b465ee728b)
Start importing Assets/Sprites/kenny/Tiles/tile_0001.png using Guid(b5c3bcffca6668441b75545ff050de0e) Importer(815301076,1909f56bfc062723c751e8b465ee728b)  -> (artifact id: 'e5884ba065a5ac2bd47bef73501f6397') in 0.028475 seconds 
  Import took 0.034868 seconds .

========================================================================
Received Import Request.
  Time since last request: 1.140994 seconds.
  path: Assets/Sprites/kenny/Tiles/tile_0002.png
  artifactKey: Guid(623744cc5cfa6f74e821778077d8f10d) Importer(815301076,1909f56bfc062723c751e8b465ee728b)
Start importing Assets/Sprites/kenny/Tiles/tile_0002.png using Guid(623744cc5cfa6f74e821778077d8f10d) Importer(815301076,1909f56bfc062723c751e8b465ee728b)  -> (artifact id: '1e86f001629320cdb93b10314bea0660') in 0.035965 seconds 
  Import took 0.040019 seconds .

========================================================================
Received Import Request.
  Time since last request: 179.349795 seconds.
  path: Assets/Sprites/kenny/Characters/character_0005.png
  artifactKey: Guid(687a1a1fd96eb724abc35bfa8b3dd85f) Importer(815301076,1909f56bfc062723c751e8b465ee728b)
Start importing Assets/Sprites/kenny/Characters/character_0005.png using Guid(687a1a1fd96eb724abc35bfa8b3dd85f) Importer(815301076,1909f56bfc062723c751e8b465ee728b)  -> (artifact id: '03a2481560e54619a44294e8734fe93b') in 0.050063 seconds 
  Import took 0.057504 seconds .

========================================================================
Received Import Request.
  Time since last request: 0.794233 seconds.
  path: Assets/Sprites/kenny/Characters/character_0008.png
  artifactKey: Guid(66eab8ddca537aa4db1496090bbf982c) Importer(815301076,1909f56bfc062723c751e8b465ee728b)
Start importing Assets/Sprites/kenny/Characters/character_0008.png using Guid(66eab8ddca537aa4db1496090bbf982c) Importer(815301076,1909f56bfc062723c751e8b465ee728b)  -> (artifact id: 'b0da7ca4663dfe7346c4e8122b44e3bd') in 0.041225 seconds 
  Import took 0.048331 seconds .

========================================================================
Received Import Request.
  Time since last request: 0.372899 seconds.
  path: Assets/Sprites/kenny/Characters/character_0009.png
  artifactKey: Guid(b4eea45d92fa05b4d95b505f41144d2d) Importer(815301076,1909f56bfc062723c751e8b465ee728b)
Start importing Assets/Sprites/kenny/Characters/character_0009.png using Guid(b4eea45d92fa05b4d95b505f41144d2d) Importer(815301076,1909f56bfc062723c751e8b465ee728b)  -> (artifact id: 'f7e6e8bbfdc05b1133add5d0b756e166') in 0.033148 seconds 
  Import took 0.038979 seconds .

========================================================================
Received Import Request.
  Time since last request: 0.445930 seconds.
  path: Assets/Sprites/kenny/Characters/character_0012.png
  artifactKey: Guid(d4f8f3b3ce2913540a8f6b3d6fc5adb3) Importer(815301076,1909f56bfc062723c751e8b465ee728b)
Start importing Assets/Sprites/kenny/Characters/character_0012.png using Guid(d4f8f3b3ce2913540a8f6b3d6fc5adb3) Importer(815301076,1909f56bfc062723c751e8b465ee728b)  -> (artifact id: '1cec831e5b0fab78a078ec90e281f044') in 0.039147 seconds 
  Import took 0.042774 seconds .

========================================================================
Received Import Request.
  Time since last request: 0.437358 seconds.
  path: Assets/Sprites/kenny/Characters/character_0017.png
  artifactKey: Guid(14d9683c97532534096ea63f9d63dec9) Importer(815301076,1909f56bfc062723c751e8b465ee728b)
Start importing Assets/Sprites/kenny/Characters/character_0017.png using Guid(14d9683c97532534096ea63f9d63dec9) Importer(815301076,1909f56bfc062723c751e8b465ee728b)  -> (artifact id: '7dee90f13d70ed6b82766856c0b8c0f3') in 0.028448 seconds 
  Import took 0.035900 seconds .

========================================================================
Received Import Request.
  Time since last request: 0.415695 seconds.
  path: Assets/Sprites/kenny/Characters/character_0021.png
  artifactKey: Guid(71a212e00f1323143a9e439927abe4d9) Importer(815301076,1909f56bfc062723c751e8b465ee728b)
Start importing Assets/Sprites/kenny/Characters/character_0021.png using Guid(71a212e00f1323143a9e439927abe4d9) Importer(815301076,1909f56bfc062723c751e8b465ee728b)  -> (artifact id: '11f0a6edb19c37c1fc687bda3c242a19') in 0.027261 seconds 
  Import took 0.033219 seconds .

========================================================================
Received Import Request.
  Time since last request: 0.936926 seconds.
  path: Assets/Sprites/kenny/Characters/character_0022.png
  artifactKey: Guid(25efd0b55257eaf4690d59c83539d8ab) Importer(815301076,1909f56bfc062723c751e8b465ee728b)
Start importing Assets/Sprites/kenny/Characters/character_0022.png using Guid(25efd0b55257eaf4690d59c83539d8ab) Importer(815301076,1909f56bfc062723c751e8b465ee728b)  -> (artifact id: '038e6afec0a24717459671b80e2ab99a') in 0.054742 seconds 
  Import took 0.059724 seconds .

========================================================================
Received Import Request.
  Time since last request: 0.393607 seconds.
  path: Assets/Sprites/kenny/Characters/character_0025.png
  artifactKey: Guid(5336d7e2744be8a4e84df819c0913bc4) Importer(815301076,1909f56bfc062723c751e8b465ee728b)
Start importing Assets/Sprites/kenny/Characters/character_0025.png using Guid(5336d7e2744be8a4e84df819c0913bc4) Importer(815301076,1909f56bfc062723c751e8b465ee728b)  -> (artifact id: 'fb01093c13d6472781171fd0aabda531') in 0.024968 seconds 
  Import took 0.028725 seconds .

========================================================================
Received Import Request.
  Time since last request: 0.492971 seconds.
  path: Assets/Sprites/kenny/Characters/character_0024.png
  artifactKey: Guid(475eb863a817e5e49a4565c4273da80b) Importer(815301076,1909f56bfc062723c751e8b465ee728b)
Start importing Assets/Sprites/kenny/Characters/character_0024.png using Guid(475eb863a817e5e49a4565c4273da80b) Importer(815301076,1909f56bfc062723c751e8b465ee728b)  -> (artifact id: '58134efbb37950a229a4e3b196d934fc') in 0.031772 seconds 
  Import took 0.039591 seconds .

========================================================================
Received Prepare
Registering precompiled user dll's ...
Registered in 0.009175 seconds.
Begin MonoManager ReloadAssembly
Native extension for WindowsStandalone target not found
Refreshing native plugins compatible for Editor in 0.84 ms, found 3 plugins.
Preloading 0 native plugins for Editor in 0.00 ms.
Mono: successfully reloaded assembly
- Completed reload, in  3.955 seconds
Domain Reload Profiling:
	ReloadAssembly (3959ms)
		BeginReloadAssembly (795ms)
			ExecutionOrderSort (0ms)
			DisableScriptedObjects (16ms)
			BackupInstance (0ms)
			ReleaseScriptingObjects (0ms)
			CreateAndSetChildDomain (631ms)
		EndReloadAssembly (3004ms)
			LoadAssemblies (202ms)
			RebuildTransferFunctionScriptingTraits (0ms)
			SetupTypeCache (822ms)
			ReleaseScriptCaches (1ms)
			RebuildScriptCaches (123ms)
			SetupLoadedEditorAssemblies (1188ms)
				LogAssemblyErrors (0ms)
				InitializePlatformSupportModulesInManaged (18ms)
				SetLoadedEditorAssemblies (1ms)
				RefreshPlugins (1ms)
				BeforeProcessingInitializeOnLoad (358ms)
				ProcessInitializeOnLoadAttributes (759ms)
				ProcessInitializeOnLoadMethodAttributes (33ms)
				AfterProcessingInitializeOnLoad (17ms)
				EditorAssembliesLoaded (1ms)
			ExecutionOrderSort2 (0ms)
			AwakeInstancesAfterBackupRestoration (33ms)
Platform modules already initialized, skipping
Refreshing native plugins compatible for Editor in 7.33 ms, found 3 plugins.
Preloading 0 native plugins for Editor in 0.00 ms.
Unloading 2180 Unused Serialized files (Serialized files now loaded: 0)
System memory in use before: 100.5 MB.
System memory in use after: 100.6 MB.

Unloading 17 unused Assets to reduce memory usage. Loaded Objects now: 2677.
Total: 5.859600 ms (FindLiveObjects: 0.266400 ms CreateObjectMapping: 0.105600 ms MarkObjects: 5.462900 ms  DeleteObjects: 0.023400 ms)

AssetImportParameters requested are different than current active one (requested -> active):
  custom:framework-win-MediaFoundation: 216162199b28c13a410421893ffa2e32 -> 
  custom:video-decoder-ogg-theora: a1e56fd34408186e4bbccfd4996cb3dc -> 
  custom:container-muxer-webm: aa71ff27fc2769a1b78a27578f13a17b -> 
  custom:container-demuxer-webm: 4f35f7cbe854078d1ac9338744f61a02 -> 
  custom:container-demuxer-ogg: 62fdf1f143b41e24485cea50d1cbac27 -> 
  custom:video-encoder-webm-vp8: eb34c28f22e8b96e1ab97ce403110664 -> 
  custom:video-codec-MediaFoundation-h265: 746d11721c4dcdbdad8f713fa42b33f4 -> 
  custom:video-decoder-webm-vp8: 9c59270c3fd7afecdb556c50c9e8de78 -> 
  custom:audio-decoder-ogg-vorbis: bf7c407c2cedff20999df2af8eb42d56 -> 
  custom:audio-encoder-webm-vorbis: bf7c407c2cedff20999df2af8eb42d56 -> 
========================================================================
Received Prepare
Registering precompiled user dll's ...
Registered in 0.007008 seconds.
Begin MonoManager ReloadAssembly
Native extension for WindowsStandalone target not found
Refreshing native plugins compatible for Editor in 0.76 ms, found 3 plugins.
Preloading 0 native plugins for Editor in 0.00 ms.
Mono: successfully reloaded assembly
- Completed reload, in  1.561 seconds
Domain Reload Profiling:
	ReloadAssembly (1562ms)
		BeginReloadAssembly (181ms)
			ExecutionOrderSort (0ms)
			DisableScriptedObjects (17ms)
			BackupInstance (0ms)
			ReleaseScriptingObjects (0ms)
			CreateAndSetChildDomain (64ms)
		EndReloadAssembly (1293ms)
			LoadAssemblies (131ms)
			RebuildTransferFunctionScriptingTraits (0ms)
			SetupTypeCache (475ms)
			ReleaseScriptCaches (1ms)
			RebuildScriptCaches (68ms)
			SetupLoadedEditorAssemblies (414ms)
				LogAssemblyErrors (0ms)
				InitializePlatformSupportModulesInManaged (5ms)
				SetLoadedEditorAssemblies (1ms)
				RefreshPlugins (1ms)
				BeforeProcessingInitializeOnLoad (119ms)
				ProcessInitializeOnLoadAttributes (266ms)
				ProcessInitializeOnLoadMethodAttributes (16ms)
				AfterProcessingInitializeOnLoad (6ms)
				EditorAssembliesLoaded (0ms)
			ExecutionOrderSort2 (0ms)
			AwakeInstancesAfterBackupRestoration (11ms)
Platform modules already initialized, skipping
Refreshing native plugins compatible for Editor in 1.02 ms, found 3 plugins.
Preloading 0 native plugins for Editor in 0.00 ms.
Unloading 2180 Unused Serialized files (Serialized files now loaded: 0)
System memory in use before: 100.5 MB.
System memory in use after: 100.6 MB.

Unloading 17 unused Assets to reduce memory usage. Loaded Objects now: 2679.
Total: 4.129600 ms (FindLiveObjects: 0.496600 ms CreateObjectMapping: 0.205500 ms MarkObjects: 3.397300 ms  DeleteObjects: 0.028700 ms)

AssetImportParameters requested are different than current active one (requested -> active):
  custom:framework-win-MediaFoundation: 216162199b28c13a410421893ffa2e32 -> 
  custom:video-decoder-ogg-theora: a1e56fd34408186e4bbccfd4996cb3dc -> 
  custom:container-muxer-webm: aa71ff27fc2769a1b78a27578f13a17b -> 
  custom:container-demuxer-webm: 4f35f7cbe854078d1ac9338744f61a02 -> 
  custom:container-demuxer-ogg: 62fdf1f143b41e24485cea50d1cbac27 -> 
  custom:video-encoder-webm-vp8: eb34c28f22e8b96e1ab97ce403110664 -> 
  custom:video-codec-MediaFoundation-h265: 746d11721c4dcdbdad8f713fa42b33f4 -> 
  custom:video-decoder-webm-vp8: 9c59270c3fd7afecdb556c50c9e8de78 -> 
  custom:audio-decoder-ogg-vorbis: bf7c407c2cedff20999df2af8eb42d56 -> 
  custom:audio-encoder-webm-vorbis: bf7c407c2cedff20999df2af8eb42d56 -> 
========================================================================
Received Prepare
Registering precompiled user dll's ...
Registered in 0.021431 seconds.
Begin MonoManager ReloadAssembly
Native extension for WindowsStandalone target not found
Refreshing native plugins compatible for Editor in 1.12 ms, found 3 plugins.
Preloading 0 native plugins for Editor in 0.00 ms.
Mono: successfully reloaded assembly
- Completed reload, in  3.381 seconds
Domain Reload Profiling:
	ReloadAssembly (3382ms)
		BeginReloadAssembly (383ms)
			ExecutionOrderSort (0ms)
			DisableScriptedObjects (18ms)
			BackupInstance (0ms)
			ReleaseScriptingObjects (0ms)
			CreateAndSetChildDomain (124ms)
		EndReloadAssembly (2772ms)
			LoadAssemblies (919ms)
			RebuildTransferFunctionScriptingTraits (5ms)
			SetupTypeCache (995ms)
			ReleaseScriptCaches (4ms)
			RebuildScriptCaches (162ms)
			SetupLoadedEditorAssemblies (496ms)
				LogAssemblyErrors (0ms)
				InitializePlatformSupportModulesInManaged (9ms)
				SetLoadedEditorAssemblies (1ms)
				RefreshPlugins (1ms)
				BeforeProcessingInitializeOnLoad (183ms)
				ProcessInitializeOnLoadAttributes (274ms)
				ProcessInitializeOnLoadMethodAttributes (20ms)
				AfterProcessingInitializeOnLoad (9ms)
				EditorAssembliesLoaded (0ms)
			ExecutionOrderSort2 (0ms)
			AwakeInstancesAfterBackupRestoration (13ms)
Platform modules already initialized, skipping
Refreshing native plugins compatible for Editor in 1.54 ms, found 3 plugins.
Preloading 0 native plugins for Editor in 0.00 ms.
Unloading 2180 Unused Serialized files (Serialized files now loaded: 0)
System memory in use before: 100.5 MB.
System memory in use after: 100.7 MB.

Unloading 17 unused Assets to reduce memory usage. Loaded Objects now: 2681.
Total: 3.392800 ms (FindLiveObjects: 0.226000 ms CreateObjectMapping: 0.087700 ms MarkObjects: 3.057000 ms  DeleteObjects: 0.021000 ms)

AssetImportParameters requested are different than current active one (requested -> active):
  custom:framework-win-MediaFoundation: 216162199b28c13a410421893ffa2e32 -> 
  custom:video-decoder-ogg-theora: a1e56fd34408186e4bbccfd4996cb3dc -> 
  custom:container-muxer-webm: aa71ff27fc2769a1b78a27578f13a17b -> 
  custom:container-demuxer-webm: 4f35f7cbe854078d1ac9338744f61a02 -> 
  custom:container-demuxer-ogg: 62fdf1f143b41e24485cea50d1cbac27 -> 
  custom:video-encoder-webm-vp8: eb34c28f22e8b96e1ab97ce403110664 -> 
  custom:video-codec-MediaFoundation-h265: 746d11721c4dcdbdad8f713fa42b33f4 -> 
  custom:video-decoder-webm-vp8: 9c59270c3fd7afecdb556c50c9e8de78 -> 
  custom:audio-decoder-ogg-vorbis: bf7c407c2cedff20999df2af8eb42d56 -> 
  custom:audio-encoder-webm-vorbis: bf7c407c2cedff20999df2af8eb42d56 -> 
========================================================================
Received Prepare
Registering precompiled user dll's ...
Registered in 0.010708 seconds.
Begin MonoManager ReloadAssembly
Native extension for WindowsStandalone target not found
Refreshing native plugins compatible for Editor in 0.80 ms, found 3 plugins.
Preloading 0 native plugins for Editor in 0.00 ms.
Mono: successfully reloaded assembly
- Completed reload, in  3.009 seconds
Domain Reload Profiling:
	ReloadAssembly (3010ms)
		BeginReloadAssembly (361ms)
			ExecutionOrderSort (0ms)
			DisableScriptedObjects (15ms)
			BackupInstance (0ms)
			ReleaseScriptingObjects (1ms)
			CreateAndSetChildDomain (102ms)
		EndReloadAssembly (2505ms)
			LoadAssemblies (311ms)
			RebuildTransferFunctionScriptingTraits (0ms)
			SetupTypeCache (783ms)
			ReleaseScriptCaches (1ms)
			RebuildScriptCaches (181ms)
			SetupLoadedEditorAssemblies (1009ms)
				LogAssemblyErrors (0ms)
				InitializePlatformSupportModulesInManaged (8ms)
				SetLoadedEditorAssemblies (1ms)
				RefreshPlugins (1ms)
				BeforeProcessingInitializeOnLoad (230ms)
				ProcessInitializeOnLoadAttributes (629ms)
				ProcessInitializeOnLoadMethodAttributes (119ms)
				AfterProcessingInitializeOnLoad (21ms)
				EditorAssembliesLoaded (0ms)
			ExecutionOrderSort2 (0ms)
			AwakeInstancesAfterBackupRestoration (34ms)
Platform modules already initialized, skipping
Refreshing native plugins compatible for Editor in 0.69 ms, found 3 plugins.
Preloading 0 native plugins for Editor in 0.00 ms.
Unloading 2180 Unused Serialized files (Serialized files now loaded: 0)
System memory in use before: 100.5 MB.
System memory in use after: 100.7 MB.

Unloading 17 unused Assets to reduce memory usage. Loaded Objects now: 2683.
Total: 6.664400 ms (FindLiveObjects: 0.300300 ms CreateObjectMapping: 0.176400 ms MarkObjects: 6.151800 ms  DeleteObjects: 0.034500 ms)

AssetImportParameters requested are different than current active one (requested -> active):
  custom:framework-win-MediaFoundation: 216162199b28c13a410421893ffa2e32 -> 
  custom:video-decoder-ogg-theora: a1e56fd34408186e4bbccfd4996cb3dc -> 
  custom:container-muxer-webm: aa71ff27fc2769a1b78a27578f13a17b -> 
  custom:container-demuxer-webm: 4f35f7cbe854078d1ac9338744f61a02 -> 
  custom:container-demuxer-ogg: 62fdf1f143b41e24485cea50d1cbac27 -> 
  custom:video-encoder-webm-vp8: eb34c28f22e8b96e1ab97ce403110664 -> 
  custom:video-codec-MediaFoundation-h265: 746d11721c4dcdbdad8f713fa42b33f4 -> 
  custom:video-decoder-webm-vp8: 9c59270c3fd7afecdb556c50c9e8de78 -> 
  custom:audio-decoder-ogg-vorbis: bf7c407c2cedff20999df2af8eb42d56 -> 
  custom:audio-encoder-webm-vorbis: bf7c407c2cedff20999df2af8eb42d56 -> 
========================================================================
Received Prepare
Registering precompiled user dll's ...
Registered in 0.007659 seconds.
Begin MonoManager ReloadAssembly
Native extension for WindowsStandalone target not found
Refreshing native plugins compatible for Editor in 0.85 ms, found 3 plugins.
Preloading 0 native plugins for Editor in 0.00 ms.
Mono: successfully reloaded assembly
- Completed reload, in  1.281 seconds
Domain Reload Profiling:
	ReloadAssembly (1282ms)
		BeginReloadAssembly (134ms)
			ExecutionOrderSort (0ms)
			DisableScriptedObjects (7ms)
			BackupInstance (0ms)
			ReleaseScriptingObjects (0ms)
			CreateAndSetChildDomain (42ms)
		EndReloadAssembly (1076ms)
			LoadAssemblies (120ms)
			RebuildTransferFunctionScriptingTraits (0ms)
			SetupTypeCache (347ms)
			ReleaseScriptCaches (1ms)
			RebuildScriptCaches (58ms)
			SetupLoadedEditorAssemblies (434ms)
				LogAssemblyErrors (0ms)
				InitializePlatformSupportModulesInManaged (6ms)
				SetLoadedEditorAssemblies (0ms)
				RefreshPlugins (1ms)
				BeforeProcessingInitializeOnLoad (110ms)
				ProcessInitializeOnLoadAttributes (295ms)
				ProcessInitializeOnLoadMethodAttributes (14ms)
				AfterProcessingInitializeOnLoad (8ms)
				EditorAssembliesLoaded (0ms)
			ExecutionOrderSort2 (0ms)
			AwakeInstancesAfterBackupRestoration (10ms)
Platform modules already initialized, skipping
Refreshing native plugins compatible for Editor in 0.67 ms, found 3 plugins.
Preloading 0 native plugins for Editor in 0.00 ms.
Unloading 2180 Unused Serialized files (Serialized files now loaded: 0)
System memory in use before: 100.6 MB.
System memory in use after: 100.7 MB.

Unloading 17 unused Assets to reduce memory usage. Loaded Objects now: 2685.
Total: 5.562200 ms (FindLiveObjects: 0.260000 ms CreateObjectMapping: 0.121400 ms MarkObjects: 5.157200 ms  DeleteObjects: 0.022300 ms)

AssetImportParameters requested are different than current active one (requested -> active):
  custom:framework-win-MediaFoundation: 216162199b28c13a410421893ffa2e32 -> 
  custom:video-decoder-ogg-theora: a1e56fd34408186e4bbccfd4996cb3dc -> 
  custom:container-muxer-webm: aa71ff27fc2769a1b78a27578f13a17b -> 
  custom:container-demuxer-webm: 4f35f7cbe854078d1ac9338744f61a02 -> 
  custom:container-demuxer-ogg: 62fdf1f143b41e24485cea50d1cbac27 -> 
  custom:video-encoder-webm-vp8: eb34c28f22e8b96e1ab97ce403110664 -> 
  custom:video-codec-MediaFoundation-h265: 746d11721c4dcdbdad8f713fa42b33f4 -> 
  custom:video-decoder-webm-vp8: 9c59270c3fd7afecdb556c50c9e8de78 -> 
  custom:audio-decoder-ogg-vorbis: bf7c407c2cedff20999df2af8eb42d56 -> 
  custom:audio-encoder-webm-vorbis: bf7c407c2cedff20999df2af8eb42d56 -> 
========================================================================
Received Prepare
Registering precompiled user dll's ...
Registered in 0.009239 seconds.
Begin MonoManager ReloadAssembly
Native extension for WindowsStandalone target not found
Refreshing native plugins compatible for Editor in 0.85 ms, found 3 plugins.
Preloading 0 native plugins for Editor in 0.00 ms.
Mono: successfully reloaded assembly
- Completed reload, in  1.943 seconds
Domain Reload Profiling:
	ReloadAssembly (1943ms)
		BeginReloadAssembly (170ms)
			ExecutionOrderSort (0ms)
			DisableScriptedObjects (12ms)
			BackupInstance (0ms)
			ReleaseScriptingObjects (0ms)
			CreateAndSetChildDomain (49ms)
		EndReloadAssembly (1653ms)
			LoadAssemblies (321ms)
			RebuildTransferFunctionScriptingTraits (0ms)
			SetupTypeCache (548ms)
			ReleaseScriptCaches (1ms)
			RebuildScriptCaches (72ms)
			SetupLoadedEditorAssemblies (542ms)
				LogAssemblyErrors (0ms)
				InitializePlatformSupportModulesInManaged (7ms)
				SetLoadedEditorAssemblies (0ms)
				RefreshPlugins (1ms)
				BeforeProcessingInitializeOnLoad (160ms)
				ProcessInitializeOnLoadAttributes (348ms)
				ProcessInitializeOnLoadMethodAttributes (18ms)
				AfterProcessingInitializeOnLoad (7ms)
				EditorAssembliesLoaded (0ms)
			ExecutionOrderSort2 (0ms)
			AwakeInstancesAfterBackupRestoration (14ms)
Platform modules already initialized, skipping
Refreshing native plugins compatible for Editor in 0.71 ms, found 3 plugins.
Preloading 0 native plugins for Editor in 0.00 ms.
Unloading 2180 Unused Serialized files (Serialized files now loaded: 0)
System memory in use before: 100.6 MB.
System memory in use after: 100.7 MB.

Unloading 17 unused Assets to reduce memory usage. Loaded Objects now: 2687.
Total: 3.589200 ms (FindLiveObjects: 0.263300 ms CreateObjectMapping: 0.110500 ms MarkObjects: 3.154900 ms  DeleteObjects: 0.058700 ms)

AssetImportParameters requested are different than current active one (requested -> active):
  custom:framework-win-MediaFoundation: 216162199b28c13a410421893ffa2e32 -> 
  custom:video-decoder-ogg-theora: a1e56fd34408186e4bbccfd4996cb3dc -> 
  custom:container-muxer-webm: aa71ff27fc2769a1b78a27578f13a17b -> 
  custom:container-demuxer-webm: 4f35f7cbe854078d1ac9338744f61a02 -> 
  custom:container-demuxer-ogg: 62fdf1f143b41e24485cea50d1cbac27 -> 
  custom:video-encoder-webm-vp8: eb34c28f22e8b96e1ab97ce403110664 -> 
  custom:video-codec-MediaFoundation-h265: 746d11721c4dcdbdad8f713fa42b33f4 -> 
  custom:video-decoder-webm-vp8: 9c59270c3fd7afecdb556c50c9e8de78 -> 
  custom:audio-decoder-ogg-vorbis: bf7c407c2cedff20999df2af8eb42d56 -> 
  custom:audio-encoder-webm-vorbis: bf7c407c2cedff20999df2af8eb42d56 -> 
========================================================================
Received Prepare
Registering precompiled user dll's ...
Registered in 0.006162 seconds.
Begin MonoManager ReloadAssembly
Native extension for WindowsStandalone target not found
Refreshing native plugins compatible for Editor in 0.70 ms, found 3 plugins.
Preloading 0 native plugins for Editor in 0.00 ms.
Mono: successfully reloaded assembly
- Completed reload, in  1.927 seconds
Domain Reload Profiling:
	ReloadAssembly (1928ms)
		BeginReloadAssembly (183ms)
			ExecutionOrderSort (0ms)
			DisableScriptedObjects (16ms)
			BackupInstance (0ms)
			ReleaseScriptingObjects (0ms)
			CreateAndSetChildDomain (64ms)
		EndReloadAssembly (1510ms)
			LoadAssemblies (227ms)
			RebuildTransferFunctionScriptingTraits (1ms)
			SetupTypeCache (454ms)
			ReleaseScriptCaches (1ms)
			RebuildScriptCaches (77ms)
			SetupLoadedEditorAssemblies (645ms)
				LogAssemblyErrors (0ms)
				InitializePlatformSupportModulesInManaged (7ms)
				SetLoadedEditorAssemblies (1ms)
				RefreshPlugins (1ms)
				BeforeProcessingInitializeOnLoad (115ms)
				ProcessInitializeOnLoadAttributes (499ms)
				ProcessInitializeOnLoadMethodAttributes (15ms)
				AfterProcessingInitializeOnLoad (7ms)
				EditorAssembliesLoaded (0ms)
			ExecutionOrderSort2 (0ms)
			AwakeInstancesAfterBackupRestoration (11ms)
Platform modules already initialized, skipping
Refreshing native plugins compatible for Editor in 0.69 ms, found 3 plugins.
Preloading 0 native plugins for Editor in 0.00 ms.
Unloading 2180 Unused Serialized files (Serialized files now loaded: 0)
System memory in use before: 100.6 MB.
System memory in use after: 100.7 MB.

Unloading 17 unused Assets to reduce memory usage. Loaded Objects now: 2689.
Total: 4.213400 ms (FindLiveObjects: 0.223200 ms CreateObjectMapping: 0.097300 ms MarkObjects: 3.869900 ms  DeleteObjects: 0.021800 ms)

AssetImportParameters requested are different than current active one (requested -> active):
  custom:framework-win-MediaFoundation: 216162199b28c13a410421893ffa2e32 -> 
  custom:video-decoder-ogg-theora: a1e56fd34408186e4bbccfd4996cb3dc -> 
  custom:container-muxer-webm: aa71ff27fc2769a1b78a27578f13a17b -> 
  custom:container-demuxer-webm: 4f35f7cbe854078d1ac9338744f61a02 -> 
  custom:container-demuxer-ogg: 62fdf1f143b41e24485cea50d1cbac27 -> 
  custom:video-encoder-webm-vp8: eb34c28f22e8b96e1ab97ce403110664 -> 
  custom:video-codec-MediaFoundation-h265: 746d11721c4dcdbdad8f713fa42b33f4 -> 
  custom:video-decoder-webm-vp8: 9c59270c3fd7afecdb556c50c9e8de78 -> 
  custom:audio-decoder-ogg-vorbis: bf7c407c2cedff20999df2af8eb42d56 -> 
  custom:audio-encoder-webm-vorbis: bf7c407c2cedff20999df2af8eb42d56 -> 
========================================================================
Received Prepare
Registering precompiled user dll's ...
Registered in 0.008522 seconds.
Begin MonoManager ReloadAssembly
Native extension for WindowsStandalone target not found
Refreshing native plugins compatible for Editor in 0.72 ms, found 3 plugins.
Preloading 0 native plugins for Editor in 0.00 ms.
Mono: successfully reloaded assembly
- Completed reload, in  1.727 seconds
Domain Reload Profiling:
	ReloadAssembly (1728ms)
		BeginReloadAssembly (154ms)
			ExecutionOrderSort (0ms)
			DisableScriptedObjects (8ms)
			BackupInstance (0ms)
			ReleaseScriptingObjects (0ms)
			CreateAndSetChildDomain (50ms)
		EndReloadAssembly (1414ms)
			LoadAssemblies (168ms)
			RebuildTransferFunctionScriptingTraits (0ms)
			SetupTypeCache (526ms)
			ReleaseScriptCaches (1ms)
			RebuildScriptCaches (77ms)
			SetupLoadedEditorAssemblies (514ms)
				LogAssemblyErrors (0ms)
				InitializePlatformSupportModulesInManaged (9ms)
				SetLoadedEditorAssemblies (0ms)
				RefreshPlugins (1ms)
				BeforeProcessingInitializeOnLoad (141ms)
				ProcessInitializeOnLoadAttributes (329ms)
				ProcessInitializeOnLoadMethodAttributes (22ms)
				AfterProcessingInitializeOnLoad (12ms)
				EditorAssembliesLoaded (0ms)
			ExecutionOrderSort2 (0ms)
			AwakeInstancesAfterBackupRestoration (11ms)
Platform modules already initialized, skipping
Refreshing native plugins compatible for Editor in 1.68 ms, found 3 plugins.
Preloading 0 native plugins for Editor in 0.00 ms.
Unloading 2180 Unused Serialized files (Serialized files now loaded: 0)
System memory in use before: 100.6 MB.
System memory in use after: 100.7 MB.

Unloading 17 unused Assets to reduce memory usage. Loaded Objects now: 2691.
Total: 5.322100 ms (FindLiveObjects: 0.267800 ms CreateObjectMapping: 0.156700 ms MarkObjects: 4.874100 ms  DeleteObjects: 0.022000 ms)

AssetImportParameters requested are different than current active one (requested -> active):
  custom:framework-win-MediaFoundation: 216162199b28c13a410421893ffa2e32 -> 
  custom:video-decoder-ogg-theora: a1e56fd34408186e4bbccfd4996cb3dc -> 
  custom:container-muxer-webm: aa71ff27fc2769a1b78a27578f13a17b -> 
  custom:container-demuxer-webm: 4f35f7cbe854078d1ac9338744f61a02 -> 
  custom:container-demuxer-ogg: 62fdf1f143b41e24485cea50d1cbac27 -> 
  custom:video-encoder-webm-vp8: eb34c28f22e8b96e1ab97ce403110664 -> 
  custom:video-codec-MediaFoundation-h265: 746d11721c4dcdbdad8f713fa42b33f4 -> 
  custom:video-decoder-webm-vp8: 9c59270c3fd7afecdb556c50c9e8de78 -> 
  custom:audio-decoder-ogg-vorbis: bf7c407c2cedff20999df2af8eb42d56 -> 
  custom:audio-encoder-webm-vorbis: bf7c407c2cedff20999df2af8eb42d56 -> 
========================================================================
Received Prepare
Registering precompiled user dll's ...
Registered in 0.006419 seconds.
Begin MonoManager ReloadAssembly
Native extension for WindowsStandalone target not found
Refreshing native plugins compatible for Editor in 1.45 ms, found 3 plugins.
Preloading 0 native plugins for Editor in 0.00 ms.
Mono: successfully reloaded assembly
- Completed reload, in  2.533 seconds
Domain Reload Profiling:
	ReloadAssembly (2534ms)
		BeginReloadAssembly (157ms)
			ExecutionOrderSort (0ms)
			DisableScriptedObjects (22ms)
			BackupInstance (0ms)
			ReleaseScriptingObjects (0ms)
			CreateAndSetChildDomain (50ms)
		EndReloadAssembly (2289ms)
			LoadAssemblies (178ms)
			RebuildTransferFunctionScriptingTraits (0ms)
			SetupTypeCache (702ms)
			ReleaseScriptCaches (3ms)
			RebuildScriptCaches (496ms)
			SetupLoadedEditorAssemblies (510ms)
				LogAssemblyErrors (0ms)
				InitializePlatformSupportModulesInManaged (14ms)
				SetLoadedEditorAssemblies (2ms)
				RefreshPlugins (2ms)
				BeforeProcessingInitializeOnLoad (180ms)
				ProcessInitializeOnLoadAttributes (286ms)
				ProcessInitializeOnLoadMethodAttributes (19ms)
				AfterProcessingInitializeOnLoad (7ms)
				EditorAssembliesLoaded (0ms)
			ExecutionOrderSort2 (0ms)
			AwakeInstancesAfterBackupRestoration (12ms)
Platform modules already initialized, skipping
Refreshing native plugins compatible for Editor in 0.65 ms, found 3 plugins.
Preloading 0 native plugins for Editor in 0.00 ms.
Unloading 2180 Unused Serialized files (Serialized files now loaded: 0)
System memory in use before: 100.6 MB.
System memory in use after: 100.7 MB.

Unloading 17 unused Assets to reduce memory usage. Loaded Objects now: 2693.
Total: 3.481400 ms (FindLiveObjects: 0.250700 ms CreateObjectMapping: 0.126400 ms MarkObjects: 3.082700 ms  DeleteObjects: 0.020000 ms)

AssetImportParameters requested are different than current active one (requested -> active):
  custom:framework-win-MediaFoundation: 216162199b28c13a410421893ffa2e32 -> 
  custom:video-decoder-ogg-theora: a1e56fd34408186e4bbccfd4996cb3dc -> 
  custom:container-muxer-webm: aa71ff27fc2769a1b78a27578f13a17b -> 
  custom:container-demuxer-webm: 4f35f7cbe854078d1ac9338744f61a02 -> 
  custom:container-demuxer-ogg: 62fdf1f143b41e24485cea50d1cbac27 -> 
  custom:video-encoder-webm-vp8: eb34c28f22e8b96e1ab97ce403110664 -> 
  custom:video-codec-MediaFoundation-h265: 746d11721c4dcdbdad8f713fa42b33f4 -> 
  custom:video-decoder-webm-vp8: 9c59270c3fd7afecdb556c50c9e8de78 -> 
  custom:audio-decoder-ogg-vorbis: bf7c407c2cedff20999df2af8eb42d56 -> 
  custom:audio-encoder-webm-vorbis: bf7c407c2cedff20999df2af8eb42d56 -> 
========================================================================
Received Import Request.
  Time since last request: 2103.084457 seconds.
  path: Assets/Sprites/kenny/Characters/character_0011.png
  artifactKey: Guid(599aaeb763f1a6b47ac8b25ac8ea9198) Importer(815301076,1909f56bfc062723c751e8b465ee728b)
Start importing Assets/Sprites/kenny/Characters/character_0011.png using Guid(599aaeb763f1a6b47ac8b25ac8ea9198) Importer(815301076,1909f56bfc062723c751e8b465ee728b)  -> (artifact id: '3a94d252ce2af12d639861551b6e47a7') in 0.109218 seconds 
  Import took 0.115820 seconds .

========================================================================
Received Import Request.
  Time since last request: 210.019076 seconds.
  path: Assets/Sprites/kenny/Background/tilemap_packed.png
  artifactKey: Guid(4eaca6cfa4c5c10459f4327670ab8982) Importer(815301076,1909f56bfc062723c751e8b465ee728b)
Start importing Assets/Sprites/kenny/Background/tilemap_packed.png using Guid(4eaca6cfa4c5c10459f4327670ab8982) Importer(815301076,1909f56bfc062723c751e8b465ee728b)  -> (artifact id: '9135e2ae73eeee258f2d4a092743022c') in 0.033723 seconds 
  Import took 0.039419 seconds .

========================================================================
Received Import Request.
  Time since last request: 34.758370 seconds.
  path: Assets/Sprites/kenny/Background/tilemap.png
  artifactKey: Guid(eff2068b6bf743b458225c6c32621232) Importer(815301076,1909f56bfc062723c751e8b465ee728b)
Start importing Assets/Sprites/kenny/Background/tilemap.png using Guid(eff2068b6bf743b458225c6c32621232) Importer(815301076,1909f56bfc062723c751e8b465ee728b)  -> (artifact id: '149f7b0ee9f00d72ff57c059a590e61d') in 0.028580 seconds 
  Import took 0.034257 seconds .

========================================================================
Received Prepare
Registering precompiled user dll's ...
Registered in 0.006581 seconds.
Begin MonoManager ReloadAssembly
Native extension for WindowsStandalone target not found
Refreshing native plugins compatible for Editor in 0.69 ms, found 3 plugins.
Preloading 0 native plugins for Editor in 0.00 ms.
Mono: successfully reloaded assembly
- Completed reload, in  2.328 seconds
Domain Reload Profiling:
	ReloadAssembly (2329ms)
		BeginReloadAssembly (215ms)
			ExecutionOrderSort (0ms)
			DisableScriptedObjects (7ms)
			BackupInstance (0ms)
			ReleaseScriptingObjects (0ms)
			CreateAndSetChildDomain (48ms)
		EndReloadAssembly (2019ms)
			LoadAssemblies (215ms)
			RebuildTransferFunctionScriptingTraits (0ms)
			SetupTypeCache (688ms)
			ReleaseScriptCaches (1ms)
			RebuildScriptCaches (96ms)
			SetupLoadedEditorAssemblies (861ms)
				LogAssemblyErrors (0ms)
				InitializePlatformSupportModulesInManaged (11ms)
				SetLoadedEditorAssemblies (0ms)
				RefreshPlugins (1ms)
				BeforeProcessingInitializeOnLoad (158ms)
				ProcessInitializeOnLoadAttributes (640ms)
				ProcessInitializeOnLoadMethodAttributes (41ms)
				AfterProcessingInitializeOnLoad (9ms)
				EditorAssembliesLoaded (1ms)
			ExecutionOrderSort2 (0ms)
			AwakeInstancesAfterBackupRestoration (28ms)
Platform modules already initialized, skipping
Refreshing native plugins compatible for Editor in 0.84 ms, found 3 plugins.
Preloading 0 native plugins for Editor in 0.00 ms.
Unloading 2180 Unused Serialized files (Serialized files now loaded: 0)
System memory in use before: 100.6 MB.
System memory in use after: 100.7 MB.

Unloading 17 unused Assets to reduce memory usage. Loaded Objects now: 2698.
Total: 5.780400 ms (FindLiveObjects: 0.262100 ms CreateObjectMapping: 0.134500 ms MarkObjects: 5.358800 ms  DeleteObjects: 0.023500 ms)

AssetImportParameters requested are different than current active one (requested -> active):
  custom:framework-win-MediaFoundation: 216162199b28c13a410421893ffa2e32 -> 
  custom:video-decoder-ogg-theora: a1e56fd34408186e4bbccfd4996cb3dc -> 
  custom:container-muxer-webm: aa71ff27fc2769a1b78a27578f13a17b -> 
  custom:container-demuxer-webm: 4f35f7cbe854078d1ac9338744f61a02 -> 
  custom:container-demuxer-ogg: 62fdf1f143b41e24485cea50d1cbac27 -> 
  custom:video-encoder-webm-vp8: eb34c28f22e8b96e1ab97ce403110664 -> 
  custom:video-codec-MediaFoundation-h265: 746d11721c4dcdbdad8f713fa42b33f4 -> 
  custom:video-decoder-webm-vp8: 9c59270c3fd7afecdb556c50c9e8de78 -> 
  custom:audio-decoder-ogg-vorbis: bf7c407c2cedff20999df2af8eb42d56 -> 
  custom:audio-encoder-webm-vorbis: bf7c407c2cedff20999df2af8eb42d56 -> 
========================================================================
Received Prepare
Registering precompiled user dll's ...
Registered in 0.006117 seconds.
Begin MonoManager ReloadAssembly
Native extension for WindowsStandalone target not found
Refreshing native plugins compatible for Editor in 0.74 ms, found 3 plugins.
Preloading 0 native plugins for Editor in 0.00 ms.
Mono: successfully reloaded assembly
- Completed reload, in  1.529 seconds
Domain Reload Profiling:
	ReloadAssembly (1529ms)
		BeginReloadAssembly (185ms)
			ExecutionOrderSort (0ms)
			DisableScriptedObjects (9ms)
			BackupInstance (0ms)
			ReleaseScriptingObjects (0ms)
			CreateAndSetChildDomain (68ms)
		EndReloadAssembly (1238ms)
			LoadAssemblies (148ms)
			RebuildTransferFunctionScriptingTraits (0ms)
			SetupTypeCache (350ms)
			ReleaseScriptCaches (1ms)
			RebuildScriptCaches (67ms)
			SetupLoadedEditorAssemblies (509ms)
				LogAssemblyErrors (0ms)
				InitializePlatformSupportModulesInManaged (8ms)
				SetLoadedEditorAssemblies (2ms)
				RefreshPlugins (1ms)
				BeforeProcessingInitializeOnLoad (140ms)
				ProcessInitializeOnLoadAttributes (323ms)
				ProcessInitializeOnLoadMethodAttributes (22ms)
				AfterProcessingInitializeOnLoad (12ms)
				EditorAssembliesLoaded (2ms)
			ExecutionOrderSort2 (0ms)
			AwakeInstancesAfterBackupRestoration (21ms)
Platform modules already initialized, skipping
Refreshing native plugins compatible for Editor in 0.83 ms, found 3 plugins.
Preloading 0 native plugins for Editor in 0.00 ms.
Unloading 2180 Unused Serialized files (Serialized files now loaded: 0)
System memory in use before: 100.6 MB.
System memory in use after: 100.7 MB.

Unloading 17 unused Assets to reduce memory usage. Loaded Objects now: 2700.
Total: 5.745900 ms (FindLiveObjects: 0.209200 ms CreateObjectMapping: 0.091400 ms MarkObjects: 5.418500 ms  DeleteObjects: 0.025200 ms)

AssetImportParameters requested are different than current active one (requested -> active):
  custom:framework-win-MediaFoundation: 216162199b28c13a410421893ffa2e32 -> 
  custom:video-decoder-ogg-theora: a1e56fd34408186e4bbccfd4996cb3dc -> 
  custom:container-muxer-webm: aa71ff27fc2769a1b78a27578f13a17b -> 
  custom:container-demuxer-webm: 4f35f7cbe854078d1ac9338744f61a02 -> 
  custom:container-demuxer-ogg: 62fdf1f143b41e24485cea50d1cbac27 -> 
  custom:video-encoder-webm-vp8: eb34c28f22e8b96e1ab97ce403110664 -> 
  custom:video-codec-MediaFoundation-h265: 746d11721c4dcdbdad8f713fa42b33f4 -> 
  custom:video-decoder-webm-vp8: 9c59270c3fd7afecdb556c50c9e8de78 -> 
  custom:audio-decoder-ogg-vorbis: bf7c407c2cedff20999df2af8eb42d56 -> 
  custom:audio-encoder-webm-vorbis: bf7c407c2cedff20999df2af8eb42d56 -> 
========================================================================
Received Import Request.
  Time since last request: 240.005176 seconds.
  path: Assets/Sprites/kenny/Tilemap/tiles.png
  artifactKey: Guid(814a3a3b2bac21548adf5dba2154141c) Importer(815301076,1909f56bfc062723c751e8b465ee728b)
Start importing Assets/Sprites/kenny/Tilemap/tiles.png using Guid(814a3a3b2bac21548adf5dba2154141c) Importer(815301076,1909f56bfc062723c751e8b465ee728b)  -> (artifact id: '43a4ae77acd41622d2d9c8348f589f3b') in 0.079922 seconds 
  Import took 0.085543 seconds .

========================================================================
Received Import Request.
  Time since last request: 3.858732 seconds.
  path: Assets/Sprites/kenny/Tilemap/tiles_packed.png
  artifactKey: Guid(1f4eb2cef7cdf2947b3b41cb6cf5894d) Importer(815301076,1909f56bfc062723c751e8b465ee728b)
Start importing Assets/Sprites/kenny/Tilemap/tiles_packed.png using Guid(1f4eb2cef7cdf2947b3b41cb6cf5894d) Importer(815301076,1909f56bfc062723c751e8b465ee728b)  -> (artifact id: '746aaa73fd8f6ebfc58637f7e31b5f0d') in 0.038627 seconds 
  Import took 0.043341 seconds .

========================================================================
Received Import Request.
  Time since last request: 4.473573 seconds.
  path: Assets/Sprites/kenny/Tilemap/characters_packed.png
  artifactKey: Guid(40352f1e868614e4cae9239744f6ad36) Importer(815301076,1909f56bfc062723c751e8b465ee728b)
Start importing Assets/Sprites/kenny/Tilemap/characters_packed.png using Guid(40352f1e868614e4cae9239744f6ad36) Importer(815301076,1909f56bfc062723c751e8b465ee728b)  -> (artifact id: 'b40e5ab34f7a8aef35c4674c5da2449f') in 0.025641 seconds 
  Import took 0.029232 seconds .

========================================================================
Received Import Request.
  Time since last request: 1.118407 seconds.
  path: Assets/Sprites/kenny/Tilemap/characters.png
  artifactKey: Guid(d15769fa3f34c904f918229be3bec33c) Importer(815301076,1909f56bfc062723c751e8b465ee728b)
Start importing Assets/Sprites/kenny/Tilemap/characters.png using Guid(d15769fa3f34c904f918229be3bec33c) Importer(815301076,1909f56bfc062723c751e8b465ee728b)  -> (artifact id: 'de2e97f4e9f2d5cc1c60af51d94d4f09') in 0.054931 seconds 
  Import took 0.078084 seconds .

========================================================================
Received Prepare
Registering precompiled user dll's ...
Registered in 0.007291 seconds.
Begin MonoManager ReloadAssembly
Native extension for WindowsStandalone target not found
Refreshing native plugins compatible for Editor in 0.81 ms, found 3 plugins.
Preloading 0 native plugins for Editor in 0.00 ms.
Mono: successfully reloaded assembly
- Completed reload, in  1.647 seconds
Domain Reload Profiling:
	ReloadAssembly (1648ms)
		BeginReloadAssembly (200ms)
			ExecutionOrderSort (0ms)
			DisableScriptedObjects (10ms)
			BackupInstance (0ms)
			ReleaseScriptingObjects (0ms)
			CreateAndSetChildDomain (61ms)
		EndReloadAssembly (1316ms)
			LoadAssemblies (241ms)
			RebuildTransferFunctionScriptingTraits (0ms)
			SetupTypeCache (395ms)
			ReleaseScriptCaches (1ms)
			RebuildScriptCaches (82ms)
			SetupLoadedEditorAssemblies (476ms)
				LogAssemblyErrors (0ms)
				InitializePlatformSupportModulesInManaged (6ms)
				SetLoadedEditorAssemblies (0ms)
				RefreshPlugins (1ms)
				BeforeProcessingInitializeOnLoad (125ms)
				ProcessInitializeOnLoadAttributes (321ms)
				ProcessInitializeOnLoadMethodAttributes (15ms)
				AfterProcessingInitializeOnLoad (8ms)
				EditorAssembliesLoaded (0ms)
			ExecutionOrderSort2 (0ms)
			AwakeInstancesAfterBackupRestoration (10ms)
Platform modules already initialized, skipping
Refreshing native plugins compatible for Editor in 0.87 ms, found 3 plugins.
Preloading 0 native plugins for Editor in 0.00 ms.
Unloading 2180 Unused Serialized files (Serialized files now loaded: 0)
System memory in use before: 100.6 MB.
System memory in use after: 100.7 MB.

Unloading 17 unused Assets to reduce memory usage. Loaded Objects now: 2707.
Total: 3.848100 ms (FindLiveObjects: 0.190400 ms CreateObjectMapping: 0.072300 ms MarkObjects: 3.529300 ms  DeleteObjects: 0.055100 ms)

AssetImportParameters requested are different than current active one (requested -> active):
  custom:framework-win-MediaFoundation: 216162199b28c13a410421893ffa2e32 -> 
  custom:video-decoder-ogg-theora: a1e56fd34408186e4bbccfd4996cb3dc -> 
  custom:container-muxer-webm: aa71ff27fc2769a1b78a27578f13a17b -> 
  custom:container-demuxer-webm: 4f35f7cbe854078d1ac9338744f61a02 -> 
  custom:container-demuxer-ogg: 62fdf1f143b41e24485cea50d1cbac27 -> 
  custom:video-encoder-webm-vp8: eb34c28f22e8b96e1ab97ce403110664 -> 
  custom:video-codec-MediaFoundation-h265: 746d11721c4dcdbdad8f713fa42b33f4 -> 
  custom:video-decoder-webm-vp8: 9c59270c3fd7afecdb556c50c9e8de78 -> 
  custom:audio-decoder-ogg-vorbis: bf7c407c2cedff20999df2af8eb42d56 -> 
  custom:audio-encoder-webm-vorbis: bf7c407c2cedff20999df2af8eb42d56 -> 
========================================================================
Received Prepare
Registering precompiled user dll's ...
Registered in 0.006505 seconds.
Begin MonoManager ReloadAssembly
Native extension for WindowsStandalone target not found
Refreshing native plugins compatible for Editor in 0.68 ms, found 3 plugins.
Preloading 0 native plugins for Editor in 0.00 ms.
Mono: successfully reloaded assembly
- Completed reload, in  2.024 seconds
Domain Reload Profiling:
	ReloadAssembly (2025ms)
		BeginReloadAssembly (358ms)
			ExecutionOrderSort (1ms)
			DisableScriptedObjects (31ms)
			BackupInstance (0ms)
			ReleaseScriptingObjects (0ms)
			CreateAndSetChildDomain (92ms)
		EndReloadAssembly (1486ms)
			LoadAssemblies (297ms)
			RebuildTransferFunctionScriptingTraits (0ms)
			SetupTypeCache (534ms)
			ReleaseScriptCaches (1ms)
			RebuildScriptCaches (68ms)
			SetupLoadedEditorAssemblies (595ms)
				LogAssemblyErrors (0ms)
				InitializePlatformSupportModulesInManaged (6ms)
				SetLoadedEditorAssemblies (0ms)
				RefreshPlugins (1ms)
				BeforeProcessingInitializeOnLoad (132ms)
				ProcessInitializeOnLoadAttributes (435ms)
				ProcessInitializeOnLoadMethodAttributes (14ms)
				AfterProcessingInitializeOnLoad (6ms)
				EditorAssembliesLoaded (0ms)
			ExecutionOrderSort2 (0ms)
			AwakeInstancesAfterBackupRestoration (10ms)
Platform modules already initialized, skipping
Refreshing native plugins compatible for Editor in 0.68 ms, found 3 plugins.
Preloading 0 native plugins for Editor in 0.00 ms.
Unloading 2180 Unused Serialized files (Serialized files now loaded: 0)
System memory in use before: 100.6 MB.
System memory in use after: 100.7 MB.

Unloading 17 unused Assets to reduce memory usage. Loaded Objects now: 2709.
Total: 3.286300 ms (FindLiveObjects: 0.199700 ms CreateObjectMapping: 0.083200 ms MarkObjects: 2.985700 ms  DeleteObjects: 0.016600 ms)

AssetImportParameters requested are different than current active one (requested -> active):
  custom:framework-win-MediaFoundation: 216162199b28c13a410421893ffa2e32 -> 
  custom:video-decoder-ogg-theora: a1e56fd34408186e4bbccfd4996cb3dc -> 
  custom:container-muxer-webm: aa71ff27fc2769a1b78a27578f13a17b -> 
  custom:container-demuxer-webm: 4f35f7cbe854078d1ac9338744f61a02 -> 
  custom:container-demuxer-ogg: 62fdf1f143b41e24485cea50d1cbac27 -> 
  custom:video-encoder-webm-vp8: eb34c28f22e8b96e1ab97ce403110664 -> 
  custom:video-codec-MediaFoundation-h265: 746d11721c4dcdbdad8f713fa42b33f4 -> 
  custom:video-decoder-webm-vp8: 9c59270c3fd7afecdb556c50c9e8de78 -> 
  custom:audio-decoder-ogg-vorbis: bf7c407c2cedff20999df2af8eb42d56 -> 
  custom:audio-encoder-webm-vorbis: bf7c407c2cedff20999df2af8eb42d56 -> 
========================================================================
Received Prepare
Registering precompiled user dll's ...
Registered in 0.008015 seconds.
Begin MonoManager ReloadAssembly
Native extension for WindowsStandalone target not found
Refreshing native plugins compatible for Editor in 0.62 ms, found 3 plugins.
Preloading 0 native plugins for Editor in 0.00 ms.
Mono: successfully reloaded assembly
- Completed reload, in  1.291 seconds
Domain Reload Profiling:
	ReloadAssembly (1291ms)
		BeginReloadAssembly (166ms)
			ExecutionOrderSort (0ms)
			DisableScriptedObjects (11ms)
			BackupInstance (0ms)
			ReleaseScriptingObjects (0ms)
			CreateAndSetChildDomain (55ms)
		EndReloadAssembly (1063ms)
			LoadAssemblies (125ms)
			RebuildTransferFunctionScriptingTraits (0ms)
			SetupTypeCache (358ms)
			ReleaseScriptCaches (1ms)
			RebuildScriptCaches (69ms)
			SetupLoadedEditorAssemblies (392ms)
				LogAssemblyErrors (0ms)
				InitializePlatformSupportModulesInManaged (6ms)
				SetLoadedEditorAssemblies (0ms)
				RefreshPlugins (1ms)
				BeforeProcessingInitializeOnLoad (98ms)
				ProcessInitializeOnLoadAttributes (261ms)
				ProcessInitializeOnLoadMethodAttributes (21ms)
				AfterProcessingInitializeOnLoad (5ms)
				EditorAssembliesLoaded (0ms)
			ExecutionOrderSort2 (0ms)
			AwakeInstancesAfterBackupRestoration (10ms)
Platform modules already initialized, skipping
Refreshing native plugins compatible for Editor in 0.75 ms, found 3 plugins.
Preloading 0 native plugins for Editor in 0.00 ms.
Unloading 2180 Unused Serialized files (Serialized files now loaded: 0)
System memory in use before: 100.6 MB.
System memory in use after: 100.7 MB.

Unloading 17 unused Assets to reduce memory usage. Loaded Objects now: 2711.
Total: 3.232700 ms (FindLiveObjects: 0.193700 ms CreateObjectMapping: 0.075000 ms MarkObjects: 2.942900 ms  DeleteObjects: 0.019800 ms)

AssetImportParameters requested are different than current active one (requested -> active):
  custom:framework-win-MediaFoundation: 216162199b28c13a410421893ffa2e32 -> 
  custom:video-decoder-ogg-theora: a1e56fd34408186e4bbccfd4996cb3dc -> 
  custom:container-muxer-webm: aa71ff27fc2769a1b78a27578f13a17b -> 
  custom:container-demuxer-webm: 4f35f7cbe854078d1ac9338744f61a02 -> 
  custom:container-demuxer-ogg: 62fdf1f143b41e24485cea50d1cbac27 -> 
  custom:video-encoder-webm-vp8: eb34c28f22e8b96e1ab97ce403110664 -> 
  custom:video-codec-MediaFoundation-h265: 746d11721c4dcdbdad8f713fa42b33f4 -> 
  custom:video-decoder-webm-vp8: 9c59270c3fd7afecdb556c50c9e8de78 -> 
  custom:audio-decoder-ogg-vorbis: bf7c407c2cedff20999df2af8eb42d56 -> 
  custom:audio-encoder-webm-vorbis: bf7c407c2cedff20999df2af8eb42d56 -> 
========================================================================
Received Prepare
Registering precompiled user dll's ...
Registered in 0.009533 seconds.
Begin MonoManager ReloadAssembly
Native extension for WindowsStandalone target not found
Refreshing native plugins compatible for Editor in 0.97 ms, found 3 plugins.
Preloading 0 native plugins for Editor in 0.00 ms.
Mono: successfully reloaded assembly
- Completed reload, in  1.467 seconds
Domain Reload Profiling:
	ReloadAssembly (1467ms)
		BeginReloadAssembly (115ms)
			ExecutionOrderSort (0ms)
			DisableScriptedObjects (8ms)
			BackupInstance (0ms)
			ReleaseScriptingObjects (0ms)
			CreateAndSetChildDomain (36ms)
		EndReloadAssembly (1278ms)
			LoadAssemblies (99ms)
			RebuildTransferFunctionScriptingTraits (0ms)
			SetupTypeCache (502ms)
			ReleaseScriptCaches (1ms)
			RebuildScriptCaches (74ms)
			SetupLoadedEditorAssemblies (459ms)
				LogAssemblyErrors (0ms)
				InitializePlatformSupportModulesInManaged (8ms)
				SetLoadedEditorAssemblies (1ms)
				RefreshPlugins (1ms)
				BeforeProcessingInitializeOnLoad (102ms)
				ProcessInitializeOnLoadAttributes (324ms)
				ProcessInitializeOnLoadMethodAttributes (16ms)
				AfterProcessingInitializeOnLoad (7ms)
				EditorAssembliesLoaded (0ms)
			ExecutionOrderSort2 (0ms)
			AwakeInstancesAfterBackupRestoration (12ms)
Platform modules already initialized, skipping
Refreshing native plugins compatible for Editor in 0.89 ms, found 3 plugins.
Preloading 0 native plugins for Editor in 0.00 ms.
Unloading 2180 Unused Serialized files (Serialized files now loaded: 0)
System memory in use before: 100.6 MB.
System memory in use after: 100.7 MB.

Unloading 17 unused Assets to reduce memory usage. Loaded Objects now: 2713.
Total: 4.165000 ms (FindLiveObjects: 0.325800 ms CreateObjectMapping: 0.122200 ms MarkObjects: 3.685300 ms  DeleteObjects: 0.030600 ms)

AssetImportParameters requested are different than current active one (requested -> active):
  custom:framework-win-MediaFoundation: 216162199b28c13a410421893ffa2e32 -> 
  custom:video-decoder-ogg-theora: a1e56fd34408186e4bbccfd4996cb3dc -> 
  custom:container-muxer-webm: aa71ff27fc2769a1b78a27578f13a17b -> 
  custom:container-demuxer-webm: 4f35f7cbe854078d1ac9338744f61a02 -> 
  custom:container-demuxer-ogg: 62fdf1f143b41e24485cea50d1cbac27 -> 
  custom:video-encoder-webm-vp8: eb34c28f22e8b96e1ab97ce403110664 -> 
  custom:video-codec-MediaFoundation-h265: 746d11721c4dcdbdad8f713fa42b33f4 -> 
  custom:video-decoder-webm-vp8: 9c59270c3fd7afecdb556c50c9e8de78 -> 
  custom:audio-decoder-ogg-vorbis: bf7c407c2cedff20999df2af8eb42d56 -> 
  custom:audio-encoder-webm-vorbis: bf7c407c2cedff20999df2af8eb42d56 -> 
========================================================================
Received Prepare
Registering precompiled user dll's ...
Registered in 0.015874 seconds.
Begin MonoManager ReloadAssembly
Native extension for WindowsStandalone target not found
Refreshing native plugins compatible for Editor in 0.83 ms, found 3 plugins.
Preloading 0 native plugins for Editor in 0.00 ms.
Mono: successfully reloaded assembly
- Completed reload, in  1.181 seconds
Domain Reload Profiling:
	ReloadAssembly (1181ms)
		BeginReloadAssembly (126ms)
			ExecutionOrderSort (0ms)
			DisableScriptedObjects (10ms)
			BackupInstance (0ms)
			ReleaseScriptingObjects (0ms)
			CreateAndSetChildDomain (44ms)
		EndReloadAssembly (990ms)
			LoadAssemblies (102ms)
			RebuildTransferFunctionScriptingTraits (0ms)
			SetupTypeCache (322ms)
			ReleaseScriptCaches (2ms)
			RebuildScriptCaches (56ms)
			SetupLoadedEditorAssemblies (386ms)
				LogAssemblyErrors (0ms)
				InitializePlatformSupportModulesInManaged (5ms)
				SetLoadedEditorAssemblies (0ms)
				RefreshPlugins (1ms)
				BeforeProcessingInitializeOnLoad (106ms)
				ProcessInitializeOnLoadAttributes (250ms)
				ProcessInitializeOnLoadMethodAttributes (17ms)
				AfterProcessingInitializeOnLoad (6ms)
				EditorAssembliesLoaded (0ms)
			ExecutionOrderSort2 (0ms)
			AwakeInstancesAfterBackupRestoration (11ms)
Platform modules already initialized, skipping
Refreshing native plugins compatible for Editor in 0.76 ms, found 3 plugins.
Preloading 0 native plugins for Editor in 0.00 ms.
Unloading 2180 Unused Serialized files (Serialized files now loaded: 0)
System memory in use before: 100.7 MB.
System memory in use after: 100.9 MB.

Unloading 17 unused Assets to reduce memory usage. Loaded Objects now: 2715.
Total: 3.434700 ms (FindLiveObjects: 0.210600 ms CreateObjectMapping: 0.076500 ms MarkObjects: 3.128800 ms  DeleteObjects: 0.017700 ms)

AssetImportParameters requested are different than current active one (requested -> active):
  custom:framework-win-MediaFoundation: 216162199b28c13a410421893ffa2e32 -> 
  custom:video-decoder-ogg-theora: a1e56fd34408186e4bbccfd4996cb3dc -> 
  custom:container-muxer-webm: aa71ff27fc2769a1b78a27578f13a17b -> 
  custom:container-demuxer-webm: 4f35f7cbe854078d1ac9338744f61a02 -> 
  custom:container-demuxer-ogg: 62fdf1f143b41e24485cea50d1cbac27 -> 
  custom:video-encoder-webm-vp8: eb34c28f22e8b96e1ab97ce403110664 -> 
  custom:video-codec-MediaFoundation-h265: 746d11721c4dcdbdad8f713fa42b33f4 -> 
  custom:video-decoder-webm-vp8: 9c59270c3fd7afecdb556c50c9e8de78 -> 
  custom:audio-decoder-ogg-vorbis: bf7c407c2cedff20999df2af8eb42d56 -> 
  custom:audio-encoder-webm-vorbis: bf7c407c2cedff20999df2af8eb42d56 -> 
========================================================================
Received Import Request.
  Time since last request: 276.843026 seconds.
  path: Assets/Animations/Coin.controller
  artifactKey: Guid(be5b4ad4cf3df3e4a900674c81ff767e) Importer(815301076,1909f56bfc062723c751e8b465ee728b)
Start importing Assets/Animations/Coin.controller using Guid(be5b4ad4cf3df3e4a900674c81ff767e) Importer(815301076,1909f56bfc062723c751e8b465ee728b)  -> (artifact id: '1730f3c06c282cd9a64223d178876e83') in 0.024533 seconds 
  Import took 0.028615 seconds .

========================================================================
Received Import Request.
  Time since last request: 78.335670 seconds.
  path: Assets/Sprites/kenny/Tiles/tile_0152.png
  artifactKey: Guid(e080e160265f633449d37dd93fd8e63a) Importer(815301076,1909f56bfc062723c751e8b465ee728b)
Start importing Assets/Sprites/kenny/Tiles/tile_0152.png using Guid(e080e160265f633449d37dd93fd8e63a) Importer(815301076,1909f56bfc062723c751e8b465ee728b)  -> (artifact id: '00be3d8e833343c6802646bae7f44376') in 0.075580 seconds 
  Import took 0.079790 seconds .

========================================================================
Received Import Request.
  Time since last request: 113.840850 seconds.
  path: Assets/Animations/Coin.controller
  artifactKey: Guid(be5b4ad4cf3df3e4a900674c81ff767e) Importer(815301076,1909f56bfc062723c751e8b465ee728b)
Start importing Assets/Animations/Coin.controller using Guid(be5b4ad4cf3df3e4a900674c81ff767e) Importer(815301076,1909f56bfc062723c751e8b465ee728b)  -> (artifact id: 'bacbe7b91ec227ab20bf6c5c0fa84ae6') in 0.006897 seconds 
  Import took 0.012224 seconds .

AssetImportWorkerClient::OnTransportError - code=2 error=End of file
